<?xml version="1.0" encoding="UTF-8"?>
<robot generator="Robot 3.0.2 (Jython 2.7.0 on java1.8.0_131)" generated="20170720 15:09:19.006">
<suite source="C:\Github\autotests\src\test\robotframework\acceptance" name="Acceptance" id="s1">
<suite source="C:\Github\autotests\src\test\robotframework\acceptance\gherkin.robot" name="Gherkin" id="s1-s1">
<test name="Opening a page for busses time" id="s1-s1-t1">
<kw name="Given browser is opened to Home Page">
<kw library="resource" name="Open Browser To Home Page">
<kw library="Selenium2Library" name="Open Browser">
<doc>Opens a new browser instance to given URL.&lt;br&gt;</doc>
<arguments>
<arg>${HOMEPAGE}</arg>
<arg>${BROWSER}</arg>
</arguments>
<msg level="INFO" timestamp="20170720 15:09:19.813">browserName: chrome</msg>
<msg level="INFO" timestamp="20170720 15:09:19.814">Opening browser 'chrome' to base url 'https://soiduplaan.tallinn.ee/'</msg>
<msg level="INFO" timestamp="20170720 15:09:23.312">Starting ChromeDriver 2.30.477700 (0057494ad8732195794a7b32078424f92a5fce41) on port 10894
Only local connections are allowed.</msg>
<status endtime="20170720 15:09:23.314" starttime="20170720 15:09:19.807" status="PASS"></status>
</kw>
<kw library="Selenium2Library" name="Maximize Browser Window">
<doc>Maximizes current browser window.&lt;br&gt;</doc>
<status endtime="20170720 15:09:24.455" starttime="20170720 15:09:23.315" status="PASS"></status>
</kw>
<kw library="Selenium2Library" name="Set Selenium Speed">
<doc>&lt;b&gt;(NOT IMPLEMENTED)&lt;/b&gt; Sets and returns the delay in seconds that is</doc>
<arguments>
<arg>${DELAY}</arg>
</arguments>
<status endtime="20170720 15:09:24.459" starttime="20170720 15:09:24.456" status="PASS"></status>
</kw>
<status endtime="20170720 15:09:24.460" starttime="20170720 15:09:19.805" status="PASS"></status>
</kw>
<status endtime="20170720 15:09:24.461" starttime="20170720 15:09:19.803" status="PASS"></status>
</kw>
<kw name="When User clicks on the button &quot;newer version&quot;">
<kw library="resource" name="Click on a new version">
<kw library="Selenium2Library" name="Click Link">
<doc>Click on the link identified by &lt;b&gt;locator&lt;/b&gt;.&lt;br&gt;</doc>
<arguments>
<arg>xpath=//a[@href="http://transport.tallinn.ee/index.html"]</arg>
</arguments>
<msg level="INFO" timestamp="20170720 15:09:24.468">Clicking link 'xpath=//a[@href="http://transport.tallinn.ee/index.html"]'.</msg>
<status endtime="20170720 15:09:27.979" starttime="20170720 15:09:24.465" status="PASS"></status>
</kw>
<kw library="BuiltIn" name="Sleep">
<doc>Pauses the test executed for the given time.</doc>
<arguments>
<arg>2s</arg>
</arguments>
<msg level="INFO" timestamp="20170720 15:09:29.982">Slept 2 seconds</msg>
<status endtime="20170720 15:09:29.983" starttime="20170720 15:09:27.980" status="PASS"></status>
</kw>
<status endtime="20170720 15:09:29.984" starttime="20170720 15:09:24.464" status="PASS"></status>
</kw>
<status endtime="20170720 15:09:29.985" starttime="20170720 15:09:24.462" status="PASS"></status>
</kw>
<kw name="Then User checks if he's in the right page">
<kw library="resource" name="Check page">
<kw library="Selenium2Library" name="Title Should Be">
<doc>Verify the current page title is exactly &lt;b&gt;title&lt;/b&gt;.&lt;br&gt;&lt;br&gt;&lt;b&gt;Parameters:&lt;/b&gt;&lt;br&gt;&amp;nbsp;&amp;nbsp;&amp;nbsp;&amp;nbsp;&lt;b&gt;title&lt;/b&gt;&amp;nbsp;The title to verify.&lt;br&gt;&lt;br&gt;&lt;b&gt;See Also:&lt;/b&gt;&lt;br&gt;&amp;nbsp;&amp;nbsp;&amp;nbsp;&amp;nbsp;`Title Should Not Be`&lt;br&gt;&amp;nbsp;&amp;nbsp;&amp;nbsp;&amp;nbsp;`Title Should Contain`&lt;br&gt;&amp;nbsp;&amp;nbsp;&amp;nbsp;&amp;nbsp;`Title Should Not Contain`&lt;br&gt;</doc>
<arguments>
<arg>Sõiduplaanid</arg>
</arguments>
<msg level="INFO" timestamp="20170720 15:09:29.998">Page title is 'S\xf5iduplaanid'.</msg>
<status endtime="20170720 15:09:29.999" starttime="20170720 15:09:29.988" status="PASS"></status>
</kw>
<kw library="Selenium2Library" name="Element Should Contain">
<doc>Verify the element identified by &lt;b&gt;locator&lt;/b&gt; contains &lt;b&gt;text&lt;/b&gt;.&lt;br&gt;</doc>
<arguments>
<arg>id=divContentRoutesResults</arg>
<arg>Viru keskus - Viimsi keskus</arg>
</arguments>
<msg level="INFO" timestamp="20170720 15:09:30.369">Element Should Contain: Viru keskus - Viimsi keskus =&gt; OK</msg>
<status endtime="20170720 15:09:30.370" starttime="20170720 15:09:30.000" status="PASS"></status>
</kw>
<kw library="Selenium2Library" name="Element Should Contain">
<doc>Verify the element identified by &lt;b&gt;locator&lt;/b&gt; contains &lt;b&gt;text&lt;/b&gt;.&lt;br&gt;</doc>
<arguments>
<arg>id=divContentRoutesResults</arg>
<arg>Mõigu - Reisisadam (A-terminal)</arg>
</arguments>
<msg level="INFO" timestamp="20170720 15:09:30.719">Element Should Contain: M\xf5igu - Reisisadam (A-terminal) =&gt; OK</msg>
<status endtime="20170720 15:09:30.720" starttime="20170720 15:09:30.371" status="PASS"></status>
</kw>
<kw library="Selenium2Library" name="Element Should Contain">
<doc>Verify the element identified by &lt;b&gt;locator&lt;/b&gt; contains &lt;b&gt;text&lt;/b&gt;.&lt;br&gt;</doc>
<arguments>
<arg>id=divContentRoutesResults</arg>
<arg>Veerenni - Randla</arg>
</arguments>
<msg level="INFO" timestamp="20170720 15:09:31.064">Element Should Contain: Veerenni - Randla =&gt; OK</msg>
<status endtime="20170720 15:09:31.066" starttime="20170720 15:09:30.721" status="PASS"></status>
</kw>
<status endtime="20170720 15:09:31.067" starttime="20170720 15:09:29.987" status="PASS"></status>
</kw>
<status endtime="20170720 15:09:31.068" starttime="20170720 15:09:29.986" status="PASS"></status>
</kw>
<status critical="yes" endtime="20170720 15:09:31.069" starttime="20170720 15:09:19.800" status="PASS"></status>
</test>
<test name="Checking for a specific bus time" id="s1-s1-t2">
<kw name="Given browser in the newer version">
<kw library="resource" name="Open browser to newer page">
<kw library="Selenium2Library" name="Open Browser">
<doc>Opens a new browser instance to given URL.&lt;br&gt;</doc>
<arguments>
<arg>${SiteUrl}</arg>
<arg>${BROWSER}</arg>
</arguments>
<msg level="INFO" timestamp="20170720 15:09:31.078">browserName: chrome</msg>
<msg level="INFO" timestamp="20170720 15:09:31.080">Opening browser 'chrome' to base url 'https://transport.tallinn.ee/index.html'</msg>
<msg level="INFO" timestamp="20170720 15:09:36.201">Starting ChromeDriver 2.30.477700 (0057494ad8732195794a7b32078424f92a5fce41) on port 33104
Only local connections are allowed.</msg>
<status endtime="20170720 15:09:36.202" starttime="20170720 15:09:31.075" status="PASS"></status>
</kw>
<kw library="Selenium2Library" name="Maximize Browser Window">
<doc>Maximizes current browser window.&lt;br&gt;</doc>
<status endtime="20170720 15:09:37.340" starttime="20170720 15:09:36.202" status="PASS"></status>
</kw>
<kw library="Selenium2Library" name="Set Selenium Speed">
<doc>&lt;b&gt;(NOT IMPLEMENTED)&lt;/b&gt; Sets and returns the delay in seconds that is</doc>
<arguments>
<arg>${DELAY}</arg>
</arguments>
<status endtime="20170720 15:09:37.345" starttime="20170720 15:09:37.342" status="PASS"></status>
</kw>
<status endtime="20170720 15:09:37.346" starttime="20170720 15:09:31.074" status="PASS"></status>
</kw>
<status endtime="20170720 15:09:37.347" starttime="20170720 15:09:31.072" status="PASS"></status>
</kw>
<kw name="When User is in the newer version he clicks on a bus number &quot;18&quot; that he want's to ride">
<kw library="resource" name="My Bus">
<kw library="Selenium2Library" name="Click Element">
<doc>Click on the element identified by &lt;b&gt;locator&lt;/b&gt;.&lt;br&gt;</doc>
<arguments>
<arg>xpath=//a[@href="#bus/18/a-b"]</arg>
</arguments>
<msg level="INFO" timestamp="20170720 15:09:37.354">Clicking element 'xpath=//a[@href="#bus/18/a-b"]'.</msg>
<status endtime="20170720 15:09:37.465" starttime="20170720 15:09:37.351" status="PASS"></status>
</kw>
<kw library="Selenium2Library" name="Element Should Contain">
<doc>Verify the element identified by &lt;b&gt;locator&lt;/b&gt; contains &lt;b&gt;text&lt;/b&gt;.&lt;br&gt;</doc>
<arguments>
<arg>id=spanDir1</arg>
<arg>18Viru keskus - Laagri</arg>
</arguments>
<msg level="INFO" timestamp="20170720 15:09:37.527">Element Should Contain: 18Viru keskus - Laagri =&gt; OK</msg>
<status endtime="20170720 15:09:37.528" starttime="20170720 15:09:37.466" status="PASS"></status>
</kw>
<status endtime="20170720 15:09:37.529" starttime="20170720 15:09:37.350" status="PASS"></status>
</kw>
<status endtime="20170720 15:09:37.530" starttime="20170720 15:09:37.349" status="PASS"></status>
</kw>
<kw name="Then User checks if any bus goes at &quot;09:17&quot;">
<kw library="resource" name="Check for certain bus time">
<kw library="Selenium2Library" name="Click Element">
<doc>Click on the element identified by &lt;b&gt;locator&lt;/b&gt;.&lt;br&gt;</doc>
<arguments>
<arg>xpath=//a[@href="#bus/18/a-b/21211-1/22"]</arg>
</arguments>
<msg level="INFO" timestamp="20170720 15:09:37.535">Clicking element 'xpath=//a[@href="#bus/18/a-b/21211-1/22"]'.</msg>
<status endtime="20170720 15:09:37.616" starttime="20170720 15:09:37.533" status="PASS"></status>
</kw>
<kw library="Selenium2Library" name="Element Should Contain">
<doc>Verify the element identified by &lt;b&gt;locator&lt;/b&gt; contains &lt;b&gt;text&lt;/b&gt;.&lt;br&gt;</doc>
<arguments>
<arg>xpath=//a[@href="#bus/18/a-b/21211-1/22"]</arg>
<arg>9:17</arg>
<arg>Viru keskus 1</arg>
</arguments>
<msg level="INFO" timestamp="20170720 15:09:37.661">Element Should Contain: 9:17 =&gt; OK</msg>
<status endtime="20170720 15:09:37.662" starttime="20170720 15:09:37.617" status="PASS"></status>
</kw>
<kw library="BuiltIn" name="Sleep">
<doc>Pauses the test executed for the given time.</doc>
<arguments>
<arg>2s</arg>
</arguments>
<msg level="INFO" timestamp="20170720 15:09:39.665">Slept 2 seconds</msg>
<status endtime="20170720 15:09:39.665" starttime="20170720 15:09:37.663" status="PASS"></status>
</kw>
<status endtime="20170720 15:09:39.666" starttime="20170720 15:09:37.532" status="PASS"></status>
</kw>
<status endtime="20170720 15:09:39.666" starttime="20170720 15:09:37.530" status="PASS"></status>
</kw>
<status critical="yes" endtime="20170720 15:09:39.667" starttime="20170720 15:09:31.070" status="PASS"></status>
</test>
<test name="Adding certain busses to favorites" id="s1-s1-t3">
<kw name="Given browser in the newer version">
<kw library="resource" name="Open browser to newer page">
<kw library="Selenium2Library" name="Open Browser">
<doc>Opens a new browser instance to given URL.&lt;br&gt;</doc>
<arguments>
<arg>${SiteUrl}</arg>
<arg>${BROWSER}</arg>
</arguments>
<msg level="INFO" timestamp="20170720 15:09:39.678">browserName: chrome</msg>
<msg level="INFO" timestamp="20170720 15:09:39.680">Opening browser 'chrome' to base url 'https://transport.tallinn.ee/index.html'</msg>
<msg level="INFO" timestamp="20170720 15:09:47.164">Starting ChromeDriver 2.30.477700 (0057494ad8732195794a7b32078424f92a5fce41) on port 14533
Only local connections are allowed.</msg>
<status endtime="20170720 15:09:47.165" starttime="20170720 15:09:39.674" status="PASS"></status>
</kw>
<kw library="Selenium2Library" name="Maximize Browser Window">
<doc>Maximizes current browser window.&lt;br&gt;</doc>
<status endtime="20170720 15:09:48.301" starttime="20170720 15:09:47.165" status="PASS"></status>
</kw>
<kw library="Selenium2Library" name="Set Selenium Speed">
<doc>&lt;b&gt;(NOT IMPLEMENTED)&lt;/b&gt; Sets and returns the delay in seconds that is</doc>
<arguments>
<arg>${DELAY}</arg>
</arguments>
<status endtime="20170720 15:09:48.304" starttime="20170720 15:09:48.302" status="PASS"></status>
</kw>
<status endtime="20170720 15:09:48.305" starttime="20170720 15:09:39.673" status="PASS"></status>
</kw>
<status endtime="20170720 15:09:48.305" starttime="20170720 15:09:39.671" status="PASS"></status>
</kw>
<kw name="When User clicks on the favorite button to add his busses to favorites">
<kw library="resource" name="Add favorites">
<kw library="Selenium2Library" name="Click Button">
<doc>Click on the button identified by &lt;b&gt;locator&lt;/b&gt;.&lt;br&gt;</doc>
<arguments>
<arg>//*[@id="tblRoutes"]/tbody/tr[1]/td[4]/button</arg>
</arguments>
<msg level="INFO" timestamp="20170720 15:09:48.313">Clicking button '//*[@id="tblRoutes"]/tbody/tr[1]/td[4]/button'.</msg>
<status endtime="20170720 15:09:48.404" starttime="20170720 15:09:48.310" status="PASS"></status>
</kw>
<kw library="Selenium2Library" name="Click Button">
<doc>Click on the button identified by &lt;b&gt;locator&lt;/b&gt;.&lt;br&gt;</doc>
<arguments>
<arg>//*[@id="tblRoutes"]/tbody/tr[19]/td[4]/button</arg>
</arguments>
<msg level="INFO" timestamp="20170720 15:09:48.407">Clicking button '//*[@id="tblRoutes"]/tbody/tr[19]/td[4]/button'.</msg>
<status endtime="20170720 15:09:48.508" starttime="20170720 15:09:48.405" status="PASS"></status>
</kw>
<kw library="BuiltIn" name="Sleep">
<doc>Pauses the test executed for the given time.</doc>
<arguments>
<arg>1s</arg>
</arguments>
<msg level="INFO" timestamp="20170720 15:09:49.511">Slept 1 second</msg>
<status endtime="20170720 15:09:49.512" starttime="20170720 15:09:48.509" status="PASS"></status>
</kw>
<status endtime="20170720 15:09:49.513" starttime="20170720 15:09:48.308" status="PASS"></status>
</kw>
<status endtime="20170720 15:09:49.514" starttime="20170720 15:09:48.307" status="PASS"></status>
</kw>
<kw name="Then User goes to favorites and checks if they're there">
<kw library="resource" name="Go to Favorites">
<kw library="Selenium2Library" name="Click Element">
<doc>Click on the element identified by &lt;b&gt;locator&lt;/b&gt;.&lt;br&gt;</doc>
<arguments>
<arg>id=menuFavourites</arg>
</arguments>
<msg level="INFO" timestamp="20170720 15:09:49.519">Clicking element 'id=menuFavourites'.</msg>
<status endtime="20170720 15:09:49.596" starttime="20170720 15:09:49.517" status="PASS"></status>
</kw>
<kw library="Selenium2Library" name="Element Should Contain">
<doc>Verify the element identified by &lt;b&gt;locator&lt;/b&gt; contains &lt;b&gt;text&lt;/b&gt;.&lt;br&gt;</doc>
<arguments>
<arg>id=favourites</arg>
<arg>Viru keskus - Laagri</arg>
</arguments>
<msg level="INFO" timestamp="20170720 15:09:49.649">Element Should Contain: Viru keskus - Laagri =&gt; OK</msg>
<status endtime="20170720 15:09:49.651" starttime="20170720 15:09:49.597" status="PASS"></status>
</kw>
<kw library="Selenium2Library" name="Element Should Contain">
<doc>Verify the element identified by &lt;b&gt;locator&lt;/b&gt; contains &lt;b&gt;text&lt;/b&gt;.&lt;br&gt;</doc>
<arguments>
<arg>id=favourites</arg>
<arg>Viru keskus - Viimsi keskus</arg>
</arguments>
<msg level="INFO" timestamp="20170720 15:09:49.673">Element Should Contain: Viru keskus - Viimsi keskus =&gt; OK</msg>
<status endtime="20170720 15:09:49.674" starttime="20170720 15:09:49.651" status="PASS"></status>
</kw>
<status endtime="20170720 15:09:49.674" starttime="20170720 15:09:49.516" status="PASS"></status>
</kw>
<status endtime="20170720 15:09:49.675" starttime="20170720 15:09:49.515" status="PASS"></status>
</kw>
<status critical="yes" endtime="20170720 15:09:49.675" starttime="20170720 15:09:39.669" status="PASS"></status>
</test>
<status endtime="20170720 15:09:49.682" starttime="20170720 15:09:19.183" status="PASS"></status>
</suite>
<status endtime="20170720 15:09:49.697" starttime="20170720 15:09:19.016" status="PASS"></status>
</suite>
<statistics>
<total>
<stat pass="3" fail="0">Critical Tests</stat>
<stat pass="3" fail="0">All Tests</stat>
</total>
<tag>
</tag>
<suite>
<stat pass="3" fail="0" name="Acceptance" id="s1">Acceptance</stat>
<stat pass="3" fail="0" name="Gherkin" id="s1-s1">Acceptance.Gherkin</stat>
</suite>
</statistics>
<errors>
<msg level="ERROR" timestamp="20170720 15:09:19.795">Error in file 'C:\Github\autotests\src\test\robotframework\acceptance\gherkin.robot': Importing test library 'Selenium2library' failed: ImportError: No module named Selenium2library
Traceback (most recent call last):
  None
PYTHONPATH:
  C:\Users\Lemonz\.m2\repository\org\robotframework\robotframework\3.0.2\Lib
  C:\Users\Lemonz\.m2\repository\org\robotframework\robotframework\3.0.2\robotframework-3.0.2.jar\Lib
  __classpath__
  __pyclasspath__/
CLASSPATH:
  C:\Program Files\JetBrains\IntelliJ IDEA 2017.1.5\plugins\maven\lib\maven3\boot\plexus-classworlds-2.5.2.jar
  C:\Program Files\JetBrains\IntelliJ IDEA 2017.1.5\lib\idea_rt.jar</msg>
</errors>
</robot>
